\BOOKMARK [0][-]{chapter.1}{\376\377\000N\000a\000m\000e\000s\000p\000a\000c\000e\000\040\000I\000n\000d\000e\000x}{}
\BOOKMARK [1][-]{section.1.1}{\376\377\000N\000a\000m\000e\000s\000p\000a\000c\000e\000\040\000L\000i\000s\000t}{chapter.1}
\BOOKMARK [0][-]{chapter.2}{\376\377\000C\000l\000a\000s\000s\000\040\000I\000n\000d\000e\000x}{}
\BOOKMARK [1][-]{section.2.1}{\376\377\000C\000l\000a\000s\000s\000\040\000H\000i\000e\000r\000a\000r\000c\000h\000y}{chapter.2}
\BOOKMARK [0][-]{chapter.3}{\376\377\000C\000l\000a\000s\000s\000\040\000I\000n\000d\000e\000x}{}
\BOOKMARK [1][-]{section.3.1}{\376\377\000C\000l\000a\000s\000s\000\040\000L\000i\000s\000t}{chapter.3}
\BOOKMARK [0][-]{chapter.4}{\376\377\000F\000i\000l\000e\000\040\000I\000n\000d\000e\000x}{}
\BOOKMARK [1][-]{section.4.1}{\376\377\000F\000i\000l\000e\000\040\000L\000i\000s\000t}{chapter.4}
\BOOKMARK [0][-]{chapter.5}{\376\377\000N\000a\000m\000e\000s\000p\000a\000c\000e\000\040\000D\000o\000c\000u\000m\000e\000n\000t\000a\000t\000i\000o\000n}{}
\BOOKMARK [1][-]{section.5.1}{\376\377\000o\000p\000t\000i\000o\000n\000\040\000N\000a\000m\000e\000s\000p\000a\000c\000e\000\040\000R\000e\000f\000e\000r\000e\000n\000c\000e}{chapter.5}
\BOOKMARK [2][-]{subsection.5.1.1}{\376\377\000D\000e\000t\000a\000i\000l\000e\000d\000\040\000D\000e\000s\000c\000r\000i\000p\000t\000i\000o\000n}{section.5.1}
\BOOKMARK [2][-]{subsection.5.1.2}{\376\377\000T\000y\000p\000e\000d\000e\000f\000\040\000D\000o\000c\000u\000m\000e\000n\000t\000a\000t\000i\000o\000n}{section.5.1}
\BOOKMARK [3][-]{subsubsection.5.1.2.1}{\376\377\000C\000h\000e\000c\000k\000A\000r\000g}{subsection.5.1.2}
\BOOKMARK [2][-]{subsection.5.1.3}{\376\377\000E\000n\000u\000m\000e\000r\000a\000t\000i\000o\000n\000\040\000T\000y\000p\000e\000\040\000D\000o\000c\000u\000m\000e\000n\000t\000a\000t\000i\000o\000n}{section.5.1}
\BOOKMARK [3][-]{subsubsection.5.1.3.1}{\376\377\000A\000r\000g\000S\000t\000a\000t\000u\000s}{subsection.5.1.3}
\BOOKMARK [2][-]{subsection.5.1.4}{\376\377\000F\000u\000n\000c\000t\000i\000o\000n\000\040\000D\000o\000c\000u\000m\000e\000n\000t\000a\000t\000i\000o\000n}{section.5.1}
\BOOKMARK [3][-]{subsubsection.5.1.4.1}{\376\377\000p\000r\000i\000n\000t\000U\000s\000a\000g\000e}{subsection.5.1.4}
\BOOKMARK [0][-]{chapter.6}{\376\377\000C\000l\000a\000s\000s\000\040\000D\000o\000c\000u\000m\000e\000n\000t\000a\000t\000i\000o\000n}{}
\BOOKMARK [1][-]{section.6.1}{\376\377\000o\000p\000t\000i\000o\000n\000:\000:\000P\000a\000r\000s\000e\000r\000:\000:\000A\000c\000t\000i\000o\000n\000\040\000S\000t\000r\000u\000c\000t\000\040\000R\000e\000f\000e\000r\000e\000n\000c\000e}{chapter.6}
\BOOKMARK [2][-]{subsection.6.1.1}{\376\377\000M\000e\000m\000b\000e\000r\000\040\000F\000u\000n\000c\000t\000i\000o\000n\000\040\000D\000o\000c\000u\000m\000e\000n\000t\000a\000t\000i\000o\000n}{section.6.1}
\BOOKMARK [3][-]{subsubsection.6.1.1.1}{\376\377\000f\000i\000n\000i\000s\000h\000e\000d}{subsection.6.1.1}
\BOOKMARK [3][-]{subsubsection.6.1.1.2}{\376\377\000p\000e\000r\000f\000o\000r\000m}{subsection.6.1.1}
\BOOKMARK [1][-]{section.6.2}{\376\377\000o\000p\000t\000i\000o\000n\000:\000:\000A\000r\000g\000\040\000S\000t\000r\000u\000c\000t\000\040\000R\000e\000f\000e\000r\000e\000n\000c\000e}{chapter.6}
\BOOKMARK [2][-]{subsection.6.2.1}{\376\377\000D\000e\000t\000a\000i\000l\000e\000d\000\040\000D\000e\000s\000c\000r\000i\000p\000t\000i\000o\000n}{section.6.2}
\BOOKMARK [1][-]{section.6.3}{\376\377\000o\000p\000t\000i\000o\000n\000:\000:\000S\000t\000a\000t\000s\000:\000:\000C\000o\000u\000n\000t\000O\000p\000t\000i\000o\000n\000s\000A\000c\000t\000i\000o\000n\000\040\000C\000l\000a\000s\000s\000\040\000R\000e\000f\000e\000r\000e\000n\000c\000e}{chapter.6}
\BOOKMARK [2][-]{subsection.6.3.1}{\376\377\000C\000o\000n\000s\000t\000r\000u\000c\000t\000o\000r\000\040\000\046\000\040\000D\000e\000s\000t\000r\000u\000c\000t\000o\000r\000\040\000D\000o\000c\000u\000m\000e\000n\000t\000a\000t\000i\000o\000n}{section.6.3}
\BOOKMARK [3][-]{subsubsection.6.3.1.1}{\376\377\000C\000o\000u\000n\000t\000O\000p\000t\000i\000o\000n\000s\000A\000c\000t\000i\000o\000n}{subsection.6.3.1}
\BOOKMARK [2][-]{subsection.6.3.2}{\376\377\000M\000e\000m\000b\000e\000r\000\040\000F\000u\000n\000c\000t\000i\000o\000n\000\040\000D\000o\000c\000u\000m\000e\000n\000t\000a\000t\000i\000o\000n}{section.6.3}
\BOOKMARK [3][-]{subsubsection.6.3.2.1}{\376\377\000p\000e\000r\000f\000o\000r\000m}{subsection.6.3.2}
\BOOKMARK [1][-]{section.6.4}{\376\377\000o\000p\000t\000i\000o\000n\000:\000:\000D\000e\000s\000c\000r\000i\000p\000t\000o\000r\000\040\000S\000t\000r\000u\000c\000t\000\040\000R\000e\000f\000e\000r\000e\000n\000c\000e}{chapter.6}
\BOOKMARK [2][-]{subsection.6.4.1}{\376\377\000D\000e\000t\000a\000i\000l\000e\000d\000\040\000D\000e\000s\000c\000r\000i\000p\000t\000i\000o\000n}{section.6.4}
\BOOKMARK [2][-]{subsection.6.4.2}{\376\377\000M\000e\000m\000b\000e\000r\000\040\000D\000a\000t\000a\000\040\000D\000o\000c\000u\000m\000e\000n\000t\000a\000t\000i\000o\000n}{section.6.4}
\BOOKMARK [3][-]{subsubsection.6.4.2.1}{\376\377\000c\000h\000e\000c\000k\000\137\000a\000r\000g}{subsection.6.4.2}
\BOOKMARK [3][-]{subsubsection.6.4.2.2}{\376\377\000h\000e\000l\000p}{subsection.6.4.2}
\BOOKMARK [3][-]{subsubsection.6.4.2.3}{\376\377\000i\000n\000d\000e\000x}{subsection.6.4.2}
\BOOKMARK [3][-]{subsubsection.6.4.2.4}{\376\377\000l\000o\000n\000g\000o\000p\000t}{subsection.6.4.2}
\BOOKMARK [3][-]{subsubsection.6.4.2.5}{\376\377\000s\000h\000o\000r\000t\000o\000p\000t}{subsection.6.4.2}
\BOOKMARK [3][-]{subsubsection.6.4.2.6}{\376\377\000t\000y\000p\000e}{subsection.6.4.2}
\BOOKMARK [1][-]{section.6.5}{\376\377\000o\000p\000t\000i\000o\000n\000:\000:\000P\000r\000i\000n\000t\000U\000s\000a\000g\000e\000I\000m\000p\000l\000e\000m\000e\000n\000t\000a\000t\000i\000o\000n\000:\000:\000F\000u\000n\000c\000t\000i\000o\000n\000W\000r\000i\000t\000e\000r\000<\000\040\000F\000u\000n\000c\000t\000i\000o\000n\000\040\000>\000\040\000S\000t\000r\000u\000c\000t\000\040\000T\000e\000m\000p\000l\000a\000t\000e\000\040\000R\000e\000f\000e\000r\000e\000n\000c\000e}{chapter.6}
\BOOKMARK [1][-]{section.6.6}{\376\377\000o\000p\000t\000i\000o\000n\000:\000:\000P\000r\000i\000n\000t\000U\000s\000a\000g\000e\000I\000m\000p\000l\000e\000m\000e\000n\000t\000a\000t\000i\000o\000n\000:\000:\000I\000S\000t\000r\000i\000n\000g\000W\000r\000i\000t\000e\000r\000\040\000S\000t\000r\000u\000c\000t\000\040\000R\000e\000f\000e\000r\000e\000n\000c\000e}{chapter.6}
\BOOKMARK [1][-]{section.6.7}{\376\377\000o\000p\000t\000i\000o\000n\000:\000:\000P\000r\000i\000n\000t\000U\000s\000a\000g\000e\000I\000m\000p\000l\000e\000m\000e\000n\000t\000a\000t\000i\000o\000n\000:\000:\000L\000i\000n\000e\000P\000a\000r\000t\000I\000t\000e\000r\000a\000t\000o\000r\000\040\000C\000l\000a\000s\000s\000\040\000R\000e\000f\000e\000r\000e\000n\000c\000e}{chapter.6}
\BOOKMARK [2][-]{subsection.6.7.1}{\376\377\000M\000e\000m\000b\000e\000r\000\040\000F\000u\000n\000c\000t\000i\000o\000n\000\040\000D\000o\000c\000u\000m\000e\000n\000t\000a\000t\000i\000o\000n}{section.6.7}
\BOOKMARK [3][-]{subsubsection.6.7.1.1}{\376\377\000n\000e\000x\000t}{subsection.6.7.1}
\BOOKMARK [3][-]{subsubsection.6.7.1.2}{\376\377\000n\000e\000x\000t\000R\000o\000w}{subsection.6.7.1}
\BOOKMARK [3][-]{subsubsection.6.7.1.3}{\376\377\000n\000e\000x\000t\000T\000a\000b\000l\000e}{subsection.6.7.1}
\BOOKMARK [1][-]{section.6.8}{\376\377\000o\000p\000t\000i\000o\000n\000:\000:\000P\000r\000i\000n\000t\000U\000s\000a\000g\000e\000I\000m\000p\000l\000e\000m\000e\000n\000t\000a\000t\000i\000o\000n\000:\000:\000L\000i\000n\000e\000W\000r\000a\000p\000p\000e\000r\000\040\000C\000l\000a\000s\000s\000\040\000R\000e\000f\000e\000r\000e\000n\000c\000e}{chapter.6}
\BOOKMARK [2][-]{subsection.6.8.1}{\376\377\000C\000o\000n\000s\000t\000r\000u\000c\000t\000o\000r\000\040\000\046\000\040\000D\000e\000s\000t\000r\000u\000c\000t\000o\000r\000\040\000D\000o\000c\000u\000m\000e\000n\000t\000a\000t\000i\000o\000n}{section.6.8}
\BOOKMARK [3][-]{subsubsection.6.8.1.1}{\376\377\000L\000i\000n\000e\000W\000r\000a\000p\000p\000e\000r}{subsection.6.8.1}
\BOOKMARK [2][-]{subsection.6.8.2}{\376\377\000M\000e\000m\000b\000e\000r\000\040\000F\000u\000n\000c\000t\000i\000o\000n\000\040\000D\000o\000c\000u\000m\000e\000n\000t\000a\000t\000i\000o\000n}{section.6.8}
\BOOKMARK [3][-]{subsubsection.6.8.2.1}{\376\377\000p\000r\000o\000c\000e\000s\000s}{subsection.6.8.2}
\BOOKMARK [1][-]{section.6.9}{\376\377\000o\000p\000t\000i\000o\000n\000:\000:\000O\000p\000t\000i\000o\000n\000\040\000C\000l\000a\000s\000s\000\040\000R\000e\000f\000e\000r\000e\000n\000c\000e}{chapter.6}
\BOOKMARK [2][-]{subsection.6.9.1}{\376\377\000D\000e\000t\000a\000i\000l\000e\000d\000\040\000D\000e\000s\000c\000r\000i\000p\000t\000i\000o\000n}{section.6.9}
\BOOKMARK [2][-]{subsection.6.9.2}{\376\377\000C\000o\000n\000s\000t\000r\000u\000c\000t\000o\000r\000\040\000\046\000\040\000D\000e\000s\000t\000r\000u\000c\000t\000o\000r\000\040\000D\000o\000c\000u\000m\000e\000n\000t\000a\000t\000i\000o\000n}{section.6.9}
\BOOKMARK [3][-]{subsubsection.6.9.2.1}{\376\377\000O\000p\000t\000i\000o\000n}{subsection.6.9.2}
\BOOKMARK [3][-]{subsubsection.6.9.2.2}{\376\377\000O\000p\000t\000i\000o\000n}{subsection.6.9.2}
\BOOKMARK [2][-]{subsection.6.9.3}{\376\377\000M\000e\000m\000b\000e\000r\000\040\000F\000u\000n\000c\000t\000i\000o\000n\000\040\000D\000o\000c\000u\000m\000e\000n\000t\000a\000t\000i\000o\000n}{section.6.9}
\BOOKMARK [3][-]{subsubsection.6.9.3.1}{\376\377\000a\000p\000p\000e\000n\000d}{subsection.6.9.3}
\BOOKMARK [3][-]{subsubsection.6.9.3.2}{\376\377\000c\000o\000u\000n\000t}{subsection.6.9.3}
\BOOKMARK [3][-]{subsubsection.6.9.3.3}{\376\377\000f\000i\000r\000s\000t}{subsection.6.9.3}
\BOOKMARK [3][-]{subsubsection.6.9.3.4}{\376\377\000i\000s\000F\000i\000r\000s\000t}{subsection.6.9.3}
\BOOKMARK [3][-]{subsubsection.6.9.3.5}{\376\377\000i\000s\000L\000a\000s\000t}{subsection.6.9.3}
\BOOKMARK [3][-]{subsubsection.6.9.3.6}{\376\377\000l\000a\000s\000t}{subsection.6.9.3}
\BOOKMARK [3][-]{subsubsection.6.9.3.7}{\376\377\000n\000e\000x\000t}{subsection.6.9.3}
\BOOKMARK [3][-]{subsubsection.6.9.3.8}{\376\377\000n\000e\000x\000t\000w\000r\000a\000p}{subsection.6.9.3}
\BOOKMARK [3][-]{subsubsection.6.9.3.9}{\376\377\000o\000p\000e\000r\000a\000t\000o\000r\000\040\000c\000o\000n\000s\000t\000\040\000O\000p\000t\000i\000o\000n\000\040}{subsection.6.9.3}
\BOOKMARK [3][-]{subsubsection.6.9.3.10}{\376\377\000o\000p\000e\000r\000a\000t\000o\000r\000\040\000O\000p\000t\000i\000o\000n\000\040}{subsection.6.9.3}
\BOOKMARK [3][-]{subsubsection.6.9.3.11}{\376\377\000o\000p\000e\000r\000a\000t\000o\000r\000=}{subsection.6.9.3}
\BOOKMARK [3][-]{subsubsection.6.9.3.12}{\376\377\000p\000r\000e\000v}{subsection.6.9.3}
\BOOKMARK [3][-]{subsubsection.6.9.3.13}{\376\377\000p\000r\000e\000v\000w\000r\000a\000p}{subsection.6.9.3}
\BOOKMARK [3][-]{subsubsection.6.9.3.14}{\376\377\000t\000y\000p\000e}{subsection.6.9.3}
\BOOKMARK [2][-]{subsection.6.9.4}{\376\377\000M\000e\000m\000b\000e\000r\000\040\000D\000a\000t\000a\000\040\000D\000o\000c\000u\000m\000e\000n\000t\000a\000t\000i\000o\000n}{section.6.9}
\BOOKMARK [3][-]{subsubsection.6.9.4.1}{\376\377\000a\000r\000g}{subsection.6.9.4}
\BOOKMARK [3][-]{subsubsection.6.9.4.2}{\376\377\000d\000e\000s\000c}{subsection.6.9.4}
\BOOKMARK [3][-]{subsubsection.6.9.4.3}{\376\377\000n\000a\000m\000e}{subsection.6.9.4}
\BOOKMARK [3][-]{subsubsection.6.9.4.4}{\376\377\000n\000a\000m\000e\000l\000e\000n}{subsection.6.9.4}
\BOOKMARK [1][-]{section.6.10}{\376\377\000o\000p\000t\000i\000o\000n\000:\000:\000P\000r\000i\000n\000t\000U\000s\000a\000g\000e\000I\000m\000p\000l\000e\000m\000e\000n\000t\000a\000t\000i\000o\000n\000:\000:\000O\000S\000t\000r\000e\000a\000m\000W\000r\000i\000t\000e\000r\000<\000\040\000O\000S\000t\000r\000e\000a\000m\000\040\000>\000\040\000S\000t\000r\000u\000c\000t\000\040\000T\000e\000m\000p\000l\000a\000t\000e\000\040\000R\000e\000f\000e\000r\000e\000n\000c\000e}{chapter.6}
\BOOKMARK [1][-]{section.6.11}{\376\377\000o\000p\000t\000i\000o\000n\000:\000:\000P\000a\000r\000s\000e\000r\000\040\000C\000l\000a\000s\000s\000\040\000R\000e\000f\000e\000r\000e\000n\000c\000e}{chapter.6}
\BOOKMARK [2][-]{subsection.6.11.1}{\376\377\000D\000e\000t\000a\000i\000l\000e\000d\000\040\000D\000e\000s\000c\000r\000i\000p\000t\000i\000o\000n}{section.6.11}
\BOOKMARK [2][-]{subsection.6.11.2}{\376\377\000C\000o\000n\000s\000t\000r\000u\000c\000t\000o\000r\000\040\000\046\000\040\000D\000e\000s\000t\000r\000u\000c\000t\000o\000r\000\040\000D\000o\000c\000u\000m\000e\000n\000t\000a\000t\000i\000o\000n}{section.6.11}
\BOOKMARK [3][-]{subsubsection.6.11.2.1}{\376\377\000P\000a\000r\000s\000e\000r}{subsection.6.11.2}
\BOOKMARK [2][-]{subsection.6.11.3}{\376\377\000M\000e\000m\000b\000e\000r\000\040\000F\000u\000n\000c\000t\000i\000o\000n\000\040\000D\000o\000c\000u\000m\000e\000n\000t\000a\000t\000i\000o\000n}{section.6.11}
\BOOKMARK [3][-]{subsubsection.6.11.3.1}{\376\377\000e\000r\000r\000o\000r}{subsection.6.11.3}
\BOOKMARK [3][-]{subsubsection.6.11.3.2}{\376\377\000n\000o\000n\000O\000p\000t\000i\000o\000n\000s}{subsection.6.11.3}
\BOOKMARK [3][-]{subsubsection.6.11.3.3}{\376\377\000n\000o\000n\000O\000p\000t\000i\000o\000n\000s\000C\000o\000u\000n\000t}{subsection.6.11.3}
\BOOKMARK [3][-]{subsubsection.6.11.3.4}{\376\377\000o\000p\000t\000i\000o\000n\000s\000C\000o\000u\000n\000t}{subsection.6.11.3}
\BOOKMARK [3][-]{subsubsection.6.11.3.5}{\376\377\000p\000a\000r\000s\000e}{subsection.6.11.3}
\BOOKMARK [1][-]{section.6.12}{\376\377\000o\000p\000t\000i\000o\000n\000:\000:\000P\000r\000i\000n\000t\000U\000s\000a\000g\000e\000I\000m\000p\000l\000e\000m\000e\000n\000t\000a\000t\000i\000o\000n\000\040\000S\000t\000r\000u\000c\000t\000\040\000R\000e\000f\000e\000r\000e\000n\000c\000e}{chapter.6}
\BOOKMARK [2][-]{subsection.6.12.1}{\376\377\000M\000e\000m\000b\000e\000r\000\040\000F\000u\000n\000c\000t\000i\000o\000n\000\040\000D\000o\000c\000u\000m\000e\000n\000t\000a\000t\000i\000o\000n}{section.6.12}
\BOOKMARK [3][-]{subsubsection.6.12.1.1}{\376\377\000i\000s\000W\000i\000d\000e\000C\000h\000a\000r}{subsection.6.12.1}
\BOOKMARK [1][-]{section.6.13}{\376\377\000o\000p\000t\000i\000o\000n\000:\000:\000S\000t\000a\000t\000s\000\040\000S\000t\000r\000u\000c\000t\000\040\000R\000e\000f\000e\000r\000e\000n\000c\000e}{chapter.6}
\BOOKMARK [2][-]{subsection.6.13.1}{\376\377\000D\000e\000t\000a\000i\000l\000e\000d\000\040\000D\000e\000s\000c\000r\000i\000p\000t\000i\000o\000n}{section.6.13}
\BOOKMARK [2][-]{subsection.6.13.2}{\376\377\000C\000o\000n\000s\000t\000r\000u\000c\000t\000o\000r\000\040\000\046\000\040\000D\000e\000s\000t\000r\000u\000c\000t\000o\000r\000\040\000D\000o\000c\000u\000m\000e\000n\000t\000a\000t\000i\000o\000n}{section.6.13}
\BOOKMARK [3][-]{subsubsection.6.13.2.1}{\376\377\000S\000t\000a\000t\000s}{subsection.6.13.2}
\BOOKMARK [2][-]{subsection.6.13.3}{\376\377\000M\000e\000m\000b\000e\000r\000\040\000F\000u\000n\000c\000t\000i\000o\000n\000\040\000D\000o\000c\000u\000m\000e\000n\000t\000a\000t\000i\000o\000n}{section.6.13}
\BOOKMARK [3][-]{subsubsection.6.13.3.1}{\376\377\000a\000d\000d}{subsection.6.13.3}
\BOOKMARK [2][-]{subsection.6.13.4}{\376\377\000M\000e\000m\000b\000e\000r\000\040\000D\000a\000t\000a\000\040\000D\000o\000c\000u\000m\000e\000n\000t\000a\000t\000i\000o\000n}{section.6.13}
\BOOKMARK [3][-]{subsubsection.6.13.4.1}{\376\377\000b\000u\000f\000f\000e\000r\000\137\000m\000a\000x}{subsection.6.13.4}
\BOOKMARK [3][-]{subsubsection.6.13.4.2}{\376\377\000o\000p\000t\000i\000o\000n\000s\000\137\000m\000a\000x}{subsection.6.13.4}
\BOOKMARK [1][-]{section.6.14}{\376\377\000o\000p\000t\000i\000o\000n\000:\000:\000P\000a\000r\000s\000e\000r\000:\000:\000S\000t\000o\000r\000e\000O\000p\000t\000i\000o\000n\000A\000c\000t\000i\000o\000n\000\040\000C\000l\000a\000s\000s\000\040\000R\000e\000f\000e\000r\000e\000n\000c\000e}{chapter.6}
\BOOKMARK [2][-]{subsection.6.14.1}{\376\377\000C\000o\000n\000s\000t\000r\000u\000c\000t\000o\000r\000\040\000\046\000\040\000D\000e\000s\000t\000r\000u\000c\000t\000o\000r\000\040\000D\000o\000c\000u\000m\000e\000n\000t\000a\000t\000i\000o\000n}{section.6.14}
\BOOKMARK [3][-]{subsubsection.6.14.1.1}{\376\377\000S\000t\000o\000r\000e\000O\000p\000t\000i\000o\000n\000A\000c\000t\000i\000o\000n}{subsection.6.14.1}
\BOOKMARK [2][-]{subsection.6.14.2}{\376\377\000M\000e\000m\000b\000e\000r\000\040\000F\000u\000n\000c\000t\000i\000o\000n\000\040\000D\000o\000c\000u\000m\000e\000n\000t\000a\000t\000i\000o\000n}{section.6.14}
\BOOKMARK [3][-]{subsubsection.6.14.2.1}{\376\377\000f\000i\000n\000i\000s\000h\000e\000d}{subsection.6.14.2}
\BOOKMARK [3][-]{subsubsection.6.14.2.2}{\376\377\000p\000e\000r\000f\000o\000r\000m}{subsection.6.14.2}
\BOOKMARK [1][-]{section.6.15}{\376\377\000o\000p\000t\000i\000o\000n\000:\000:\000P\000r\000i\000n\000t\000U\000s\000a\000g\000e\000I\000m\000p\000l\000e\000m\000e\000n\000t\000a\000t\000i\000o\000n\000:\000:\000S\000t\000r\000e\000a\000m\000W\000r\000i\000t\000e\000r\000<\000\040\000F\000u\000n\000c\000t\000i\000o\000n\000,\000\040\000S\000t\000r\000e\000a\000m\000\040\000>\000\040\000S\000t\000r\000u\000c\000t\000\040\000T\000e\000m\000p\000l\000a\000t\000e\000\040\000R\000e\000f\000e\000r\000e\000n\000c\000e}{chapter.6}
\BOOKMARK [1][-]{section.6.16}{\376\377\000o\000p\000t\000i\000o\000n\000:\000:\000P\000r\000i\000n\000t\000U\000s\000a\000g\000e\000I\000m\000p\000l\000e\000m\000e\000n\000t\000a\000t\000i\000o\000n\000:\000:\000S\000y\000s\000c\000a\000l\000l\000W\000r\000i\000t\000e\000r\000<\000\040\000S\000y\000s\000c\000a\000l\000l\000\040\000>\000\040\000S\000t\000r\000u\000c\000t\000\040\000T\000e\000m\000p\000l\000a\000t\000e\000\040\000R\000e\000f\000e\000r\000e\000n\000c\000e}{chapter.6}
\BOOKMARK [1][-]{section.6.17}{\376\377\000o\000p\000t\000i\000o\000n\000:\000:\000P\000r\000i\000n\000t\000U\000s\000a\000g\000e\000I\000m\000p\000l\000e\000m\000e\000n\000t\000a\000t\000i\000o\000n\000:\000:\000T\000e\000m\000p\000o\000r\000a\000r\000y\000W\000r\000i\000t\000e\000r\000<\000\040\000T\000e\000m\000p\000o\000r\000a\000r\000y\000\040\000>\000\040\000S\000t\000r\000u\000c\000t\000\040\000T\000e\000m\000p\000l\000a\000t\000e\000\040\000R\000e\000f\000e\000r\000e\000n\000c\000e}{chapter.6}
\BOOKMARK [0][-]{chapter.7}{\376\377\000F\000i\000l\000e\000\040\000D\000o\000c\000u\000m\000e\000n\000t\000a\000t\000i\000o\000n}{}
\BOOKMARK [1][-]{section.7.1}{\376\377\000o\000p\000t\000i\000o\000n\000p\000a\000r\000s\000e\000r\000.\000h\000\040\000F\000i\000l\000e\000\040\000R\000e\000f\000e\000r\000e\000n\000c\000e}{chapter.7}
\BOOKMARK [2][-]{subsection.7.1.1}{\376\377\000D\000e\000t\000a\000i\000l\000e\000d\000\040\000D\000e\000s\000c\000r\000i\000p\000t\000i\000o\000n}{section.7.1}
